2015/02/14 08:33:13 [fisicVotes] [loggin] Delegado : jose.pineda
in /var/www/clients/client19/web33/web/Cooperen/protected/controllers/SiteController.php (67)
in /var/www/clients/client19/web33/web/Cooperen/index.php (15)
2015/02/14 08:34:11 [fisicVotes] [logout] Delegado : 
in /var/www/clients/client19/web33/web/Cooperen/protected/controllers/SiteController.php (204)
in /var/www/clients/client19/web33/web/Cooperen/protected/controllers/SiteController.php (185)
in /var/www/clients/client19/web33/web/Cooperen/index.php (15)
2015/02/14 09:26:48 [fisicVotes] [loggin] Usuario : 1033651057
in /var/www/clients/client19/web33/web/Cooperen/protected/controllers/SiteController.php (128)
in /var/www/clients/client19/web33/web/Cooperen/index.php (15)
2015/02/14 09:27:30 [fisicVotes] [status] Usuario : 1033651057 Sufragante : 98453582
in /var/www/clients/client19/web33/web/Cooperen/protected/controllers/VotacionController.php (194)
in /var/www/clients/client19/web33/web/Cooperen/index.php (15)
2015/02/14 09:29:12 [fisicVotes] [loggin] Usuario : 39416319
in /var/www/clients/client19/web33/web/Cooperen/protected/controllers/SiteController.php (128)
in /var/www/clients/client19/web33/web/Cooperen/index.php (15)
2015/02/14 09:29:22 [fisicVotes] [status] Usuario : 39416319 Sufragante : 50902023
in /var/www/clients/client19/web33/web/Cooperen/protected/controllers/VotacionController.php (194)
in /var/www/clients/client19/web33/web/Cooperen/index.php (15)
2015/02/14 09:29:33 [fisicVotes] [loggin] Usuario : 39416319
in /var/www/clients/client19/web33/web/Cooperen/protected/controllers/SiteController.php (128)
in /var/www/clients/client19/web33/web/Cooperen/index.php (15)
2015/02/14 09:30:09 [fisicVotes] [status] Usuario : 39416319 Sufragante : 70124311
in /var/www/clients/client19/web33/web/Cooperen/protected/controllers/VotacionController.php (194)
in /var/www/clients/client19/web33/web/Cooperen/index.php (15)
2015/02/14 09:30:45 [fisicVotes] [loggin] Usuario : 39416319
in /var/www/clients/client19/web33/web/Cooperen/protected/controllers/SiteController.php (128)
in /var/www/clients/client19/web33/web/Cooperen/index.php (15)
2015/02/14 09:30:58 [fisicVotes] [status] Usuario : 39416319 Sufragante : 8111632
in /var/www/clients/client19/web33/web/Cooperen/protected/controllers/VotacionController.php (194)
in /var/www/clients/client19/web33/web/Cooperen/index.php (15)
2015/02/14 10:01:28 [fisicVotes] [loggin] Usuario : 39416319
in /var/www/clients/client19/web33/web/Cooperen/protected/controllers/SiteController.php (128)
in /var/www/clients/client19/web33/web/Cooperen/index.php (15)
2015/02/14 10:01:40 [fisicVotes] [status] Usuario : 39416319 Sufragante : 8437535
in /var/www/clients/client19/web33/web/Cooperen/protected/controllers/VotacionController.php (194)
in /var/www/clients/client19/web33/web/Cooperen/index.php (15)
2015/02/14 10:14:14 [fisicVotes] [loggin] Usuario : 39416319
in /var/www/clients/client19/web33/web/Cooperen/protected/controllers/SiteController.php (128)
in /var/www/clients/client19/web33/web/Cooperen/index.php (15)
2015/02/14 10:14:38 [fisicVotes] [status] Usuario : 39416319 Sufragante : 39304636
in /var/www/clients/client19/web33/web/Cooperen/protected/controllers/VotacionController.php (194)
in /var/www/clients/client19/web33/web/Cooperen/index.php (15)
2015/02/14 10:19:14 [fisicVotes] [loggin] Usuario : 39416319
in /var/www/clients/client19/web33/web/Cooperen/protected/controllers/SiteController.php (128)
in /var/www/clients/client19/web33/web/Cooperen/index.php (15)
2015/02/14 10:19:22 [fisicVotes] [status] Usuario : 39416319 Sufragante : 39416319
in /var/www/clients/client19/web33/web/Cooperen/protected/controllers/VotacionController.php (194)
in /var/www/clients/client19/web33/web/Cooperen/index.php (15)
2015/02/14 10:39:06 [fisicVotes] [loggin] Usuario : 39416319
in /var/www/clients/client19/web33/web/Cooperen/protected/controllers/SiteController.php (128)
in /var/www/clients/client19/web33/web/Cooperen/index.php (15)
2015/02/14 10:40:09 [fisicVotes] [status] Usuario : 39416319 Sufragante : 70525841
in /var/www/clients/client19/web33/web/Cooperen/protected/controllers/VotacionController.php (194)
in /var/www/clients/client19/web33/web/Cooperen/index.php (15)
2015/02/14 10:40:57 [fisicVotes] [loggin] Usuario : 1033651057
in /var/www/clients/client19/web33/web/Cooperen/protected/controllers/SiteController.php (128)
in /var/www/clients/client19/web33/web/Cooperen/index.php (15)
2015/02/14 10:41:15 [fisicVotes] [status] Usuario : 1033651057 Sufragante : 43343784
in /var/www/clients/client19/web33/web/Cooperen/protected/controllers/VotacionController.php (194)
in /var/www/clients/client19/web33/web/Cooperen/index.php (15)
2015/02/14 10:41:40 [fisicVotes] [status] Usuario : 1033651057 Sufragante : 22135327
in /var/www/clients/client19/web33/web/Cooperen/protected/controllers/VotacionController.php (194)
in /var/www/clients/client19/web33/web/Cooperen/index.php (15)
2015/02/14 10:43:47 [fisicVotes] [status] Usuario : 1033651057 Sufragante : 98691592
in /var/www/clients/client19/web33/web/Cooperen/protected/controllers/VotacionController.php (194)
in /var/www/clients/client19/web33/web/Cooperen/index.php (15)
2015/02/14 10:54:23 [fisicVotes] [loggin] Usuario : 1033651057
in /var/www/clients/client19/web33/web/Cooperen/protected/controllers/SiteController.php (128)
in /var/www/clients/client19/web33/web/Cooperen/index.php (15)
2015/02/14 11:15:03 [fisicVotes] [loggin] Usuario : 39416319
in /var/www/clients/client19/web33/web/Cooperen/protected/controllers/SiteController.php (128)
in /var/www/clients/client19/web33/web/Cooperen/index.php (15)
2015/02/14 11:15:16 [fisicVotes] [status] Usuario : 39416319 Sufragante : 43142153
in /var/www/clients/client19/web33/web/Cooperen/protected/controllers/VotacionController.php (194)
in /var/www/clients/client19/web33/web/Cooperen/index.php (15)
2015/02/14 11:23:05 [fisicVotes] [loggin] Usuario : 1033651057
in /var/www/clients/client19/web33/web/Cooperen/protected/controllers/SiteController.php (128)
in /var/www/clients/client19/web33/web/Cooperen/index.php (15)
2015/02/14 11:23:18 [fisicVotes] [status] Usuario : 1033651057 Sufragante : 43898595
in /var/www/clients/client19/web33/web/Cooperen/protected/controllers/VotacionController.php (194)
in /var/www/clients/client19/web33/web/Cooperen/index.php (15)
2015/02/14 11:23:37 [fisicVotes] [status] Usuario : 1033651057 Sufragante : 98691642
in /var/www/clients/client19/web33/web/Cooperen/protected/controllers/VotacionController.php (194)
in /var/www/clients/client19/web33/web/Cooperen/index.php (15)
2015/02/14 11:54:28 [fisicVotes] [status] Usuario : 1033651057 Sufragante : 43898709
in /var/www/clients/client19/web33/web/Cooperen/protected/controllers/VotacionController.php (194)
in /var/www/clients/client19/web33/web/Cooperen/index.php (15)
2015/02/14 11:54:42 [fisicVotes] [status] Usuario : 1033651057 Sufragante : 98453777
in /var/www/clients/client19/web33/web/Cooperen/protected/controllers/VotacionController.php (194)
in /var/www/clients/client19/web33/web/Cooperen/index.php (15)
2015/02/14 11:56:11 [fisicVotes] [status] Usuario : 1033651057 Sufragante : 1046933439
in /var/www/clients/client19/web33/web/Cooperen/protected/controllers/VotacionController.php (194)
in /var/www/clients/client19/web33/web/Cooperen/index.php (15)
2015/02/14 11:56:52 [fisicVotes] [status] Usuario : 1033651057 Sufragante : 1046932410
in /var/www/clients/client19/web33/web/Cooperen/protected/controllers/VotacionController.php (194)
in /var/www/clients/client19/web33/web/Cooperen/index.php (15)
2015/02/14 12:28:39 [fisicVotes] [status] Usuario : 1033651057 Sufragante : 1039420152
in /var/www/clients/client19/web33/web/Cooperen/protected/controllers/VotacionController.php (194)
in /var/www/clients/client19/web33/web/Cooperen/index.php (15)
2015/02/14 12:29:49 [fisicVotes] [status] Usuario : 1033651057 Sufragante : 22135071
in /var/www/clients/client19/web33/web/Cooperen/protected/controllers/VotacionController.php (194)
in /var/www/clients/client19/web33/web/Cooperen/index.php (15)
2015/02/14 12:30:57 [fisicVotes] [status] Usuario : 1033651057 Sufragante : 3512801
in /var/www/clients/client19/web33/web/Cooperen/protected/controllers/VotacionController.php (194)
in /var/www/clients/client19/web33/web/Cooperen/index.php (15)
2015/02/14 12:32:15 [fisicVotes] [status] Usuario : 1033651057 Sufragante : 43898863
in /var/www/clients/client19/web33/web/Cooperen/protected/controllers/VotacionController.php (194)
in /var/www/clients/client19/web33/web/Cooperen/index.php (15)
2015/02/14 12:41:04 [fisicVotes] [loggin] Usuario : 24397826
in /var/www/clients/client19/web33/web/Cooperen/protected/controllers/SiteController.php (128)
in /var/www/clients/client19/web33/web/Cooperen/index.php (15)
2015/02/14 12:41:16 [fisicVotes] [status] Usuario : 24397826 Sufragante : 1038385244
in /var/www/clients/client19/web33/web/Cooperen/protected/controllers/VotacionController.php (194)
in /var/www/clients/client19/web33/web/Cooperen/index.php (15)
2015/02/14 12:42:02 [fisicVotes] [status] Usuario : 24397826 Sufragante : 4335907
in /var/www/clients/client19/web33/web/Cooperen/protected/controllers/VotacionController.php (194)
in /var/www/clients/client19/web33/web/Cooperen/index.php (15)
2015/02/14 13:28:06 [fisicVotes] [loggin] Delegado : jose.pineda
in /var/www/clients/client19/web33/web/Cooperen/protected/controllers/SiteController.php (67)
in /var/www/clients/client19/web33/web/Cooperen/index.php (15)
2015/02/14 15:54:26 [fisicVotes] [loggin] Delegado : jose.pineda
in /var/www/clients/client19/web33/web/Cooperen/protected/controllers/SiteController.php (67)
in /var/www/clients/client19/web33/web/Cooperen/index.php (15)
2015/02/14 15:54:51 [fisicVotes] [logout] Delegado : 
in /var/www/clients/client19/web33/web/Cooperen/protected/controllers/SiteController.php (204)
in /var/www/clients/client19/web33/web/Cooperen/protected/controllers/SiteController.php (185)
in /var/www/clients/client19/web33/web/Cooperen/index.php (15)
2015/02/14 15:55:11 [fisicVotes] [loggin] Delegado : jose.pineda
in /var/www/clients/client19/web33/web/Cooperen/protected/controllers/SiteController.php (67)
in /var/www/clients/client19/web33/web/Cooperen/index.php (15)
2015/02/14 16:11:38 [fisicVotes] [logout] Delegado : 
in /var/www/clients/client19/web33/web/Cooperen/protected/controllers/SiteController.php (204)
in /var/www/clients/client19/web33/web/Cooperen/protected/controllers/SiteController.php (185)
in /var/www/clients/client19/web33/web/Cooperen/index.php (15)
2015/02/14 16:11:55 [fisicVotes] [loggin] Delegado : flor.barrios
in /var/www/clients/client19/web33/web/Cooperen/protected/controllers/SiteController.php (67)
in /var/www/clients/client19/web33/web/Cooperen/index.php (15)
2015/02/14 16:13:45 [fisicVotes] [logout] Delegado : 
in /var/www/clients/client19/web33/web/Cooperen/protected/controllers/SiteController.php (204)
in /var/www/clients/client19/web33/web/Cooperen/protected/controllers/SiteController.php (185)
in /var/www/clients/client19/web33/web/Cooperen/index.php (15)
2015/02/14 17:06:42 [fisicVotes] [loggin] Delegado : jose.pineda
in /var/www/clients/client19/web33/web/Cooperen/protected/controllers/SiteController.php (67)
in /var/www/clients/client19/web33/web/Cooperen/index.php (15)
